{"level":"info","message":"GPS Tracking Server started on port 8080","timestamp":"2025-08-30 17:10:28"}
{"level":"info","message":"GPS Tracking Server started on port 8080","timestamp":"2025-08-30 17:13:19"}
{"level":"info","message":"GPS Tracking Server started on port 8080","timestamp":"2025-08-30 17:14:19"}
{"level":"info","message":"GPS Tracking Server started on port 8080","timestamp":"2025-08-30 17:14:51"}
{"level":"info","message":"GPS Tracking Server started on port 8080","timestamp":"2025-08-30 17:18:15"}
{"level":"info","message":"GPS Tracking Server started on port 8080","timestamp":"2025-08-30 17:18:21"}
{"level":"debug","message":{"data":[83,101,110,100,105,110,103,32,102,114,111,109,32,80,97,99,107,101,116,32,83,101,110,100,101,114],"type":"Buffer"},"timestamp":"2025-08-30 17:19:19"}
{"level":"info","message":"Data received from 192.168.0.23:65273: Sending from Packet Sender","timestamp":"2025-08-30 17:19:19"}
{"level":"warn","message":{"data":[83,101,110,100,105,110,103,32,102,114,111,109,32,80,97,99,107,101,116,32,83,101,110,100,101,114],"type":"Buffer"},"timestamp":"2025-08-30 17:22:42"}
{"level":"warn","message":{"data":[83,101,110,100,105,110,103,32,102,114,111,109,32,80,97,99,107,101,116,32,83,101,110,100,101,114],"type":"Buffer"},"timestamp":"2025-08-30 17:22:47"}
{"level":"warn","message":{"data":[83,101,110,100,105,110,103,32,102,114,111,109,32,80,97,99,107,101,116,32,83,101,110,100,101,114],"type":"Buffer"},"timestamp":"2025-08-30 17:22:48"}
{"level":"warn","message":{"data":[83,101,110,100,105,110,103,32,102,114,111,109,32,80,97,99,107,101,116,32,83,101,110,100,101,114],"type":"Buffer"},"timestamp":"2025-08-30 17:22:48"}
{"level":"warn","message":{"data":[83,101,110,100,105,110,103,32,102,114,111,109,32,80,97,99,107,101,116,32,83,101,110,100,101,114],"type":"Buffer"},"timestamp":"2025-08-30 17:22:48"}
{"level":"warn","message":{"data":[83,101,110,100,105,110,103,32,102,114,111,109,32,80,97,99,107,101,116,32,83,101,110,100,101,114],"type":"Buffer"},"timestamp":"2025-08-30 17:22:48"}
{"level":"warn","message":{"data":[83,101,110,100,105,110,103,32,102,114,111,109,32,80,97,99,107,101,116,32,83,101,110,100,101,114],"type":"Buffer"},"timestamp":"2025-08-30 17:22:48"}
{"level":"warn","message":{"data":[83,101,110,100,105,110,103,32,102,114,111,109,32,80,97,99,107,101,116,32,83,101,110,100,101,114],"type":"Buffer"},"timestamp":"2025-08-30 17:22:48"}
{"level":"warn","message":{"data":[83,101,110,100,105,110,103,32,102,114,111,109,32,80,97,99,107,101,116,32,83,101,110,100,101,114],"type":"Buffer"},"timestamp":"2025-08-30 17:22:48"}
{"level":"warn","message":{"data":[83,101,110,100,105,110,103,32,102,114,111,109,32,80,97,99,107,101,116,32,83,101,110,100,101,114],"type":"Buffer"},"timestamp":"2025-08-30 17:22:49"}
{"level":"warn","message":{"data":[83,101,110,100,105,110,103,32,102,114,111,109,32,80,97,99,107,101,116,32,83,101,110,100,101,114],"type":"Buffer"},"timestamp":"2025-08-30 17:22:49"}
{"level":"warn","message":{"data":[83,101,110,100,105,110,103,32,102,114,111,109,32,80,97,99,107,101,116,32,83,101,110,100,101,114],"type":"Buffer"},"timestamp":"2025-08-30 17:22:49"}
{"level":"warn","message":{"data":[83,101,110,100,105,110,103,32,102,114,111,109,32,80,97,99,107,101,116,32,83,101,110,100,101,114],"type":"Buffer"},"timestamp":"2025-08-30 17:22:49"}
{"level":"warn","message":{"data":[83,101,110,100,105,110,103,32,102,114,111,109,32,80,97,99,107,101,116,32,83,101,110,100,101,114],"type":"Buffer"},"timestamp":"2025-08-30 17:22:49"}
{"level":"warn","message":{"data":[83,101,110,100,105,110,103,32,102,114,111,109,32,80,97,99,107,101,116,32,83,101,110,100,101,114],"type":"Buffer"},"timestamp":"2025-08-30 17:22:49"}
{"level":"warn","message":{"data":[83,101,110,100,105,110,103,32,102,114,111,109,32,80,97,99,107,101,116,32,83,101,110,100,101,114],"type":"Buffer"},"timestamp":"2025-08-30 17:22:50"}
{"level":"warn","message":{"data":[83,101,110,100,105,110,103,32,102,114,111,109,32,80,97,99,107,101,116,32,83,101,110,100,101,114],"type":"Buffer"},"timestamp":"2025-08-30 17:22:50"}
{"level":"warn","message":{"data":[83,101,110,100,105,110,103,32,102,114,111,109,32,80,97,99,107,101,116,32,83,101,110,100,101,114],"type":"Buffer"},"timestamp":"2025-08-30 17:22:50"}
{"level":"warn","message":{"data":[83,101,110,100,105,110,103,32,102,114,111,109,32,80,97,99,107,101,116,32,83,101,110,100,101,114],"type":"Buffer"},"timestamp":"2025-08-30 17:22:50"}
{"level":"warn","message":{"data":[83,101,110,100,105,110,103,32,102,114,111,109,32,80,97,99,107,101,116,32,83,101,110,100,101,114],"type":"Buffer"},"timestamp":"2025-08-30 17:22:50"}
{"level":"warn","message":{"data":[83,101,110,100,105,110,103,32,102,114,111,109,32,80,97,99,107,101,116,32,83,101,110,100,101,114],"type":"Buffer"},"timestamp":"2025-08-30 17:22:50"}
